#
# There is insufficient memory for the Java Runtime Environment to continue.
# Native memory allocation (malloc) failed to allocate 1273936 bytes for Chunk::new
# Possible reasons:
#   The system is out of physical RAM or swap space
#   The process is running with CompressedOops enabled, and the Java Heap may be blocking the growth of the native heap
# Possible solutions:
#   Reduce memory load on the system
#   Increase physical memory or swap space
#   Check if swap backing store is full
#   Decrease Java heap size (-Xmx/-Xms)
#   Decrease number of Java threads
#   Decrease Java thread stack sizes (-Xss)
#   Set larger code cache with -XX:ReservedCodeCacheSize=
#   JVM is running with Unscaled Compressed Oops mode in which the Java heap is
#     placed in the first 4GB address space. The Java Heap base address is the
#     maximum limit for the native heap growth. Please use -XX:HeapBaseMinAddress
#     to set the Java Heap base and to place the Java Heap above 4GB virtual address.
# This output file may be truncated or incomplete.
#
#  Out of Memory Error (./src/hotspot/share/memory/arena.cpp:197), pid=6592, tid=1232
#
# JRE version: OpenJDK Runtime Environment (11.0.12+7) (build 11.0.12+7-b1504.28-7817840)
# Java VM: OpenJDK 64-Bit Server VM (11.0.12+7-b1504.28-7817840, mixed mode, tiered, compressed oops, g1 gc, windows-amd64)
# No core dump will be written. Minidumps are not enabled by default on client versions of Windows
#

---------------  S U M M A R Y ------------

Command Line: --add-opens=java.base/java.util=ALL-UNNAMED --add-opens=java.base/java.lang=ALL-UNNAMED --add-opens=java.base/java.lang.invoke=ALL-UNNAMED --add-opens=java.base/java.util=ALL-UNNAMED --add-opens=java.prefs/java.util.prefs=ALL-UNNAMED --add-opens=java.prefs/java.util.prefs=ALL-UNNAMED --add-opens=java.base/java.nio.charset=ALL-UNNAMED --add-opens=java.base/java.net=ALL-UNNAMED --add-opens=java.base/java.util.concurrent.atomic=ALL-UNNAMED -Xmx2048m -Dfile.encoding=x-windows-949 -Duser.country=KR -Duser.language=ko -Duser.variant org.gradle.launcher.daemon.bootstrap.GradleDaemon 7.3.3

Host: AMD Ryzen 7 6800U with Radeon Graphics         , 16 cores, 13G,  Windows 10 , 64 bit Build 19041 (10.0.19041.1865)
Time: Thu Aug  4 15:42:01 2022 대한민국 표준시 elapsed time: 2.827731 seconds (0d 0h 0m 2s)

---------------  T H R E A D  ---------------

Current thread (0x0000022b84432000):  JavaThread "C2 CompilerThread3" daemon [_thread_in_native, id=1232, stack(0x000000bfae100000,0x000000bfae200000)]


Current CompileTask:
C2:   2827 3750       4       org.gradle.internal.instantiation.generator.AbstractClassGenerator$DisabledAnnotationValidator::validateMethod (68 bytes)

Stack: [0x000000bfae100000,0x000000bfae200000]
Native frames: (J=compiled Java code, j=interpreted, Vv=VM code, C=native code)
V  [jvm.dll+0x5fbcea]
V  [jvm.dll+0x731905]
V  [jvm.dll+0x732f1d]
V  [jvm.dll+0x7335d3]
V  [jvm.dll+0x247bf8]
V  [jvm.dll+0xc018c]
V  [jvm.dll+0xc06cc]
V  [jvm.dll+0x35b31d]
V  [jvm.dll+0x328803]
V  [jvm.dll+0x327cfa]
V  [jvm.dll+0x200602]
V  [jvm.dll+0x1ff794]
V  [jvm.dll+0x18868c]
V  [jvm.dll+0x20e0d7]
V  [jvm.dll+0x20c901]
V  [jvm.dll+0x6f9b7f]
V  [jvm.dll+0x6f26a5]
V  [jvm.dll+0x5fabf6]
C  [ucrtbase.dll+0x21bb2]
C  [KERNEL32.DLL+0x17034]
C  [ntdll.dll+0x52651]


---------------  P R O C E S S  ---------------

Threads class SMR info:
_java_thread_list=0x0000022b82b85100, length=41, elements={
0x0000022be348b800, 0x0000022bff45e800, 0x0000022bff462000, 0x0000022bff4cd000,
0x0000022bff4d0800, 0x0000022bff4d1800, 0x0000022bff4d4800, 0x0000022bff4e2000,
0x0000022bff4e3000, 0x0000022bfebfb800, 0x0000022bff64d000, 0x0000022b8008d000,
0x0000022b80782000, 0x0000022b80e51800, 0x0000022b81361000, 0x0000022b8123b800,
0x0000022b83fb0800, 0x0000022b83f33800, 0x0000022b83f95000, 0x0000022b8258e000,
0x0000022b817ce800, 0x0000022b822b3800, 0x0000022b81d9d000, 0x0000022b81e3b800,
0x0000022b81e40800, 0x0000022b81e41800, 0x0000022b81e42000, 0x0000022b8296e000,
0x0000022b81e3c800, 0x0000022b81e3d000, 0x0000022b81e3e000, 0x0000022b81e3f000,
0x0000022b81e3f800, 0x0000022b834fa000, 0x0000022b834fa800, 0x0000022b84432000,
0x0000022b834fb800, 0x0000022b834fd000, 0x0000022b834fc800, 0x0000022b834f9000,
0x0000022b834ff800
}

Java Threads: ( => current thread )
  0x0000022be348b800 JavaThread "main" [_thread_blocked, id=2992, stack(0x000000bfaa900000,0x000000bfaaa00000)]
  0x0000022bff45e800 JavaThread "Reference Handler" daemon [_thread_blocked, id=1936, stack(0x000000bfab000000,0x000000bfab100000)]
  0x0000022bff462000 JavaThread "Finalizer" daemon [_thread_blocked, id=12996, stack(0x000000bfab100000,0x000000bfab200000)]
  0x0000022bff4cd000 JavaThread "Signal Dispatcher" daemon [_thread_blocked, id=13884, stack(0x000000bfab200000,0x000000bfab300000)]
  0x0000022bff4d0800 JavaThread "Attach Listener" daemon [_thread_blocked, id=13816, stack(0x000000bfab300000,0x000000bfab400000)]
  0x0000022bff4d1800 JavaThread "Service Thread" daemon [_thread_blocked, id=13724, stack(0x000000bfab400000,0x000000bfab500000)]
  0x0000022bff4d4800 JavaThread "C2 CompilerThread0" daemon [_thread_in_native, id=15288, stack(0x000000bfab500000,0x000000bfab600000)]
  0x0000022bff4e2000 JavaThread "C1 CompilerThread0" daemon [_thread_blocked, id=3944, stack(0x000000bfab600000,0x000000bfab700000)]
  0x0000022bff4e3000 JavaThread "Sweeper thread" daemon [_thread_blocked, id=10500, stack(0x000000bfab700000,0x000000bfab800000)]
  0x0000022bfebfb800 JavaThread "C1 CompilerThread1" daemon [_thread_blocked, id=9372, stack(0x000000bfab800000,0x000000bfab900000)]
  0x0000022bff64d000 JavaThread "Common-Cleaner" daemon [_thread_blocked, id=3456, stack(0x000000bfab900000,0x000000bfaba00000)]
  0x0000022b8008d000 JavaThread "C2 CompilerThread1" daemon [_thread_in_native, id=2156, stack(0x000000bfabb00000,0x000000bfabc00000)]
  0x0000022b80782000 JavaThread "C1 CompilerThread2" daemon [_thread_blocked, id=4024, stack(0x000000bfabd00000,0x000000bfabe00000)]
  0x0000022b80e51800 JavaThread "C1 CompilerThread3" daemon [_thread_blocked, id=5468, stack(0x000000bfac200000,0x000000bfac300000)]
  0x0000022b81361000 JavaThread "Daemon health stats" [_thread_blocked, id=12960, stack(0x000000bfac400000,0x000000bfac500000)]
  0x0000022b8123b800 JavaThread "Incoming local TCP Connector on port 49961" [_thread_in_native, id=4728, stack(0x000000bfac500000,0x000000bfac600000)]
  0x0000022b83fb0800 JavaThread "Daemon periodic checks" [_thread_blocked, id=14672, stack(0x000000bfac600000,0x000000bfac700000)]
  0x0000022b83f33800 JavaThread "Daemon" [_thread_blocked, id=11700, stack(0x000000bfac700000,0x000000bfac800000)]
  0x0000022b83f95000 JavaThread "Handler for socket connection from /127.0.0.1:49961 to /127.0.0.1:49962" [_thread_in_native, id=13996, stack(0x000000bfac800000,0x000000bfac900000)]
  0x0000022b8258e000 JavaThread "Cancel handler" [_thread_blocked, id=2708, stack(0x000000bfac900000,0x000000bfaca00000)]
  0x0000022b817ce800 JavaThread "Daemon worker" [_thread_in_vm, id=8124, stack(0x000000bfac300000,0x000000bfac400000)]
  0x0000022b822b3800 JavaThread "Asynchronous log dispatcher for DefaultDaemonConnection: socket connection from /127.0.0.1:49961 to /127.0.0.1:49962" [_thread_blocked, id=14664, stack(0x000000bfaca00000,0x000000bfacb00000)]
  0x0000022b81d9d000 JavaThread "Stdin handler" [_thread_blocked, id=10636, stack(0x000000bfacb00000,0x000000bfacc00000)]
  0x0000022b81e3b800 JavaThread "Daemon client event forwarder" [_thread_blocked, id=14100, stack(0x000000bfacc00000,0x000000bfacd00000)]
  0x0000022b81e40800 JavaThread "Cache worker for journal cache (C:\Users\choi\.gradle\caches\journal-1)" [_thread_blocked, id=12548, stack(0x000000bfacd00000,0x000000bface00000)]
  0x0000022b81e41800 JavaThread "File lock request listener" [_thread_in_native, id=11124, stack(0x000000bface00000,0x000000bfacf00000)]
  0x0000022b81e42000 JavaThread "Cache worker for file hash cache (C:\Users\choi\.gradle\caches\7.3.3\fileHashes)" [_thread_blocked, id=10180, stack(0x000000bfad900000,0x000000bfada00000)]
  0x0000022b8296e000 JavaThread "C2 CompilerThread2" daemon [_thread_in_native, id=11912, stack(0x000000bfabc00000,0x000000bfabd00000)]
  0x0000022b81e3c800 JavaThread "Cache worker for file hash cache (C:\Users\choi\AndroidStudioProjects\google-codelab-android-practice\pathways-compose\AdvancedStateAndSideEffectsCodelab\.gradle\7.3.3\fileHashes)" [_thread_blocked, id=13124, stack(0x000000bfada00000,0x000000bfadb00000)]
  0x0000022b81e3d000 JavaThread "File watcher server" daemon [_thread_in_native, id=13576, stack(0x000000bfadb00000,0x000000bfadc00000)]
  0x0000022b81e3e000 JavaThread "File watcher consumer" daemon [_thread_blocked, id=14884, stack(0x000000bfadc00000,0x000000bfadd00000)]
  0x0000022b81e3f000 JavaThread "Cache worker for checksums cache (C:\Users\choi\AndroidStudioProjects\google-codelab-android-practice\pathways-compose\AdvancedStateAndSideEffectsCodelab\.gradle\7.3.3\checksums)" [_thread_blocked, id=14536, stack(0x000000bfadd00000,0x000000bfade00000)]
  0x0000022b81e3f800 JavaThread "Cache worker for cache directory md-supplier (C:\Users\choi\.gradle\caches\7.3.3\md-supplier)" [_thread_blocked, id=3292, stack(0x000000bfade00000,0x000000bfadf00000)]
  0x0000022b834fa000 JavaThread "Cache worker for cache directory md-rule (C:\Users\choi\.gradle\caches\7.3.3\md-rule)" [_thread_blocked, id=4536, stack(0x000000bfadf00000,0x000000bfae000000)]
  0x0000022b834fa800 JavaThread "Cache worker for execution history cache (C:\Users\choi\.gradle\caches\7.3.3\executionHistory)" [_thread_blocked, id=3624, stack(0x000000bfae000000,0x000000bfae100000)]
=>0x0000022b84432000 JavaThread "C2 CompilerThread3" daemon [_thread_in_native, id=1232, stack(0x000000bfae100000,0x000000bfae200000)]
  0x0000022b834fb800 JavaThread "jar transforms" [_thread_blocked, id=14896, stack(0x000000bfae200000,0x000000bfae300000)]
  0x0000022b834fd000 JavaThread "jar transforms Thread 2" [_thread_blocked, id=11604, stack(0x000000bfae300000,0x000000bfae400000)]
  0x0000022b834fc800 JavaThread "Cache worker for file content cache (C:\Users\choi\.gradle\caches\7.3.3\fileContent)" [_thread_blocked, id=4444, stack(0x000000bfae400000,0x000000bfae500000)]
  0x0000022b834f9000 JavaThread "Cache worker for dependencies-accessors (C:\Users\choi\AndroidStudioProjects\google-codelab-android-practice\pathways-compose\AdvancedStateAndSideEffectsCodelab\.gradle\7.3.3\dependencies-accessors)" [_thread_blocked, id=13296, stack(0x000000bfae500000,0x000000bfae600000)]
  0x0000022b834ff800 JavaThread "Cache worker for Build Output Cleanup Cache (C:\Users\choi\AndroidStudioProjects\google-codelab-android-practice\pathways-compose\AdvancedStateAndSideEffectsCodelab\buildSrc\.gradle\buildOutputCleanup)" [_thread_blocked, id=10548, stack(0x000000bfae600000,0x000000bfae700000)]

Other Threads:
  0x0000022bff45c000 VMThread "VM Thread" [stack: 0x000000bfaaf00000,0x000000bfab000000] [id=3644]
  0x0000022bff6d2000 WatcherThread [stack: 0x000000bfaba00000,0x000000bfabb00000] [id=7648]
  0x0000022be34a5000 GCTaskThread "GC Thread#0" [stack: 0x000000bfaaa00000,0x000000bfaab00000] [id=14488]
  0x0000022b80ee1000 GCTaskThread "GC Thread#1" [stack: 0x000000bfabe00000,0x000000bfabf00000] [id=6544]
  0x0000022b80ee1800 GCTaskThread "GC Thread#2" [stack: 0x000000bfabf00000,0x000000bfac000000] [id=8136]
  0x0000022b812c6800 GCTaskThread "GC Thread#3" [stack: 0x000000bfac000000,0x000000bfac100000] [id=8200]
  0x0000022b812c7000 GCTaskThread "GC Thread#4" [stack: 0x000000bfac100000,0x000000bfac200000] [id=12792]
  0x0000022b82774800 GCTaskThread "GC Thread#5" [stack: 0x000000bfacf00000,0x000000bfad000000] [id=5200]
  0x0000022b81e70800 GCTaskThread "GC Thread#6" [stack: 0x000000bfad000000,0x000000bfad100000] [id=14684]
  0x0000022b83fa7800 GCTaskThread "GC Thread#7" [stack: 0x000000bfad100000,0x000000bfad200000] [id=10588]
  0x0000022b81e54800 GCTaskThread "GC Thread#8" [stack: 0x000000bfad200000,0x000000bfad300000] [id=8524]
  0x0000022b82102000 GCTaskThread "GC Thread#9" [stack: 0x000000bfad300000,0x000000bfad400000] [id=13812]
  0x0000022b81953800 GCTaskThread "GC Thread#10" [stack: 0x000000bfad400000,0x000000bfad500000] [id=14660]
  0x0000022b818cd800 GCTaskThread "GC Thread#11" [stack: 0x000000bfad500000,0x000000bfad600000] [id=2052]
  0x0000022b813f5800 GCTaskThread "GC Thread#12" [stack: 0x000000bfad600000,0x000000bfad700000] [id=5508]
  0x0000022be34d8000 ConcurrentGCThread "G1 Main Marker" [stack: 0x000000bfaab00000,0x000000bfaac00000] [id=13988]
  0x0000022be34d9800 ConcurrentGCThread "G1 Conc#0" [stack: 0x000000bfaac00000,0x000000bfaad00000] [id=8640]
  0x0000022b80e72800 ConcurrentGCThread "G1 Conc#1" [stack: 0x000000bfad700000,0x000000bfad800000] [id=13820]
  0x0000022b82799000 ConcurrentGCThread "G1 Conc#2" [stack: 0x000000bfad800000,0x000000bfad900000] [id=2760]
  0x0000022bfeaa6800 ConcurrentGCThread "G1 Refine#0" [stack: 0x000000bfaad00000,0x000000bfaae00000] [id=6936]
  0x0000022bfeaa9000 ConcurrentGCThread "G1 Young RemSet Sampling" [stack: 0x000000bfaae00000,0x000000bfaaf00000] [id=15020]

Threads with active compile tasks:
C2 CompilerThread0   2842 3755       4       org.objectweb.asm.Frame::execute (2318 bytes)
C2 CompilerThread1   2842 3787  s    4       java.util.jar.JarFile::getInputStream (72 bytes)
C2 CompilerThread2   2842 3789       4       org.gradle.internal.service.DefaultServiceRegistry$OwnServices::getService (309 bytes)
C2 CompilerThread3   2842 3750       4       org.gradle.internal.instantiation.generator.AbstractClassGenerator$DisabledAnnotationValidator::validateMethod (68 bytes)

VM state:not at safepoint (normal execution)

VM Mutex/Monitor currently owned by a thread: None

Heap address: 0x0000000080000000, size: 2048 MB, Compressed Oops mode: 32-bit
Narrow klass base: 0x0000000000000000, Narrow klass shift: 3
Compressed class space size: 1073741824 Address: 0x0000000100000000

Heap:
 garbage-first heap   total 225280K, used 89556K [0x0000000080000000, 0x0000000100000000)
  region size 1024K, 71 young (72704K), 6 survivors (6144K)
 Metaspace       used 41574K, capacity 42486K, committed 42652K, reserved 1087488K
  class space    used 5313K, capacity 5682K, committed 5708K, reserved 1048576K
Heap Regions: E=young(eden), S=young(survivor), O=old, HS=humongous(starts), HC=humongous(continues), CS=collection set, F=free, A=archive, TAMS=top-at-mark-start (previous, next)
|   0|0x0000000080000000, 0x0000000080100000, 0x0000000080100000|100%| O|  |TAMS 0x0000000080100000, 0x0000000080000000| Untracked 
|   1|0x0000000080100000, 0x0000000080200000, 0x0000000080200000|100%| O|  |TAMS 0x0000000080200000, 0x0000000080100000| Untracked 
|   2|0x0000000080200000, 0x0000000080300000, 0x0000000080300000|100%| O|  |TAMS 0x0000000080300000, 0x0000000080200000| Untracked 
|   3|0x0000000080300000, 0x0000000080400000, 0x0000000080400000|100%|HS|  |TAMS 0x0000000080400000, 0x0000000080300000| Complete 
|   4|0x0000000080400000, 0x0000000080500000, 0x0000000080500000|100%|HC|  |TAMS 0x0000000080500000, 0x0000000080400000| Complete 
|   5|0x0000000080500000, 0x0000000080600000, 0x0000000080600000|100%|HC|  |TAMS 0x0000000080600000, 0x0000000080500000| Complete 
|   6|0x0000000080600000, 0x0000000080700000, 0x0000000080700000|100%| O|  |TAMS 0x0000000080700000, 0x0000000080600000| Untracked 
|   7|0x0000000080700000, 0x0000000080800000, 0x0000000080800000|100%| O|  |TAMS 0x0000000080800000, 0x0000000080700000| Untracked 
|   8|0x0000000080800000, 0x0000000080900000, 0x0000000080900000|100%| O|  |TAMS 0x0000000080900000, 0x0000000080800000| Untracked 
|   9|0x0000000080900000, 0x0000000080a00000, 0x0000000080a00000|100%| O|  |TAMS 0x0000000080a00000, 0x0000000080900000| Untracked 
|  10|0x0000000080a00000, 0x0000000080b00000, 0x0000000080b00000|100%| O|  |TAMS 0x0000000080b00000, 0x0000000080a00000| Untracked 
|  11|0x0000000080b00000, 0x0000000080c00000, 0x0000000080c00000|100%| O|  |TAMS 0x0000000080c00000, 0x0000000080b00000| Untracked 
|  12|0x0000000080c00000, 0x0000000080d00000, 0x0000000080d00000|100%| O|  |TAMS 0x0000000080d00000, 0x0000000080c00000| Untracked 
|  13|0x0000000080d00000, 0x0000000080e00000, 0x0000000080e00000|100%| O|  |TAMS 0x0000000080e00000, 0x0000000080d00000| Untracked 
|  14|0x0000000080e00000, 0x0000000080f00000, 0x0000000080f00000|100%| O|  |TAMS 0x0000000080f00000, 0x0000000080e00000| Untracked 
|  15|0x0000000080f00000, 0x0000000081000000, 0x0000000081000000|100%| O|  |TAMS 0x0000000081000000, 0x0000000080f00000| Untracked 
|  16|0x0000000081000000, 0x0000000081018800, 0x0000000081100000|  9%| O|  |TAMS 0x0000000081018800, 0x0000000081000000| Untracked 
|  17|0x0000000081100000, 0x0000000081200000, 0x0000000081200000|100%|HS|  |TAMS 0x0000000081100000, 0x0000000081100000| Complete 
|  18|0x0000000081200000, 0x0000000081300000, 0x0000000081300000|100%|HS|  |TAMS 0x0000000081200000, 0x0000000081200000| Complete 
|  19|0x0000000081300000, 0x0000000081400000, 0x0000000081400000|100%|HC|  |TAMS 0x0000000081300000, 0x0000000081300000| Complete 
|  20|0x0000000081400000, 0x0000000081400000, 0x0000000081500000|  0%| F|  |TAMS 0x0000000081400000, 0x0000000081400000| Untracked 
|  21|0x0000000081500000, 0x0000000081500000, 0x0000000081600000|  0%| F|  |TAMS 0x0000000081500000, 0x0000000081500000| Untracked 
|  22|0x0000000081600000, 0x0000000081600000, 0x0000000081700000|  0%| F|  |TAMS 0x0000000081600000, 0x0000000081600000| Untracked 
|  23|0x0000000081700000, 0x0000000081700000, 0x0000000081800000|  0%| F|  |TAMS 0x0000000081700000, 0x0000000081700000| Untracked 
|  24|0x0000000081800000, 0x0000000081800000, 0x0000000081900000|  0%| F|  |TAMS 0x0000000081800000, 0x0000000081800000| Untracked 
|  25|0x0000000081900000, 0x0000000081900000, 0x0000000081a00000|  0%| F|  |TAMS 0x0000000081900000, 0x0000000081900000| Untracked 
|  26|0x0000000081a00000, 0x0000000081a00000, 0x0000000081b00000|  0%| F|  |TAMS 0x0000000081a00000, 0x0000000081a00000| Untracked 
|  27|0x0000000081b00000, 0x0000000081b00000, 0x0000000081c00000|  0%| F|  |TAMS 0x0000000081b00000, 0x0000000081b00000| Untracked 
|  28|0x0000000081c00000, 0x0000000081c00000, 0x0000000081d00000|  0%| F|  |TAMS 0x0000000081c00000, 0x0000000081c00000| Untracked 
|  29|0x0000000081d00000, 0x0000000081d00000, 0x0000000081e00000|  0%| F|  |TAMS 0x0000000081d00000, 0x0000000081d00000| Untracked 
|  30|0x0000000081e00000, 0x0000000081e00000, 0x0000000081f00000|  0%| F|  |TAMS 0x0000000081e00000, 0x0000000081e00000| Untracked 
|  31|0x0000000081f00000, 0x0000000081f00000, 0x0000000082000000|  0%| F|  |TAMS 0x0000000081f00000, 0x0000000081f00000| Untracked 
|  32|0x0000000082000000, 0x0000000082000000, 0x0000000082100000|  0%| F|  |TAMS 0x0000000082000000, 0x0000000082000000| Untracked 
|  33|0x0000000082100000, 0x0000000082100000, 0x0000000082200000|  0%| F|  |TAMS 0x0000000082100000, 0x0000000082100000| Untracked 
|  34|0x0000000082200000, 0x0000000082200000, 0x0000000082300000|  0%| F|  |TAMS 0x0000000082200000, 0x0000000082200000| Untracked 
|  35|0x0000000082300000, 0x0000000082300000, 0x0000000082400000|  0%| F|  |TAMS 0x0000000082300000, 0x0000000082300000| Untracked 
|  36|0x0000000082400000, 0x0000000082400000, 0x0000000082500000|  0%| F|  |TAMS 0x0000000082400000, 0x0000000082400000| Untracked 
|  37|0x0000000082500000, 0x0000000082500000, 0x0000000082600000|  0%| F|  |TAMS 0x0000000082500000, 0x0000000082500000| Untracked 
|  38|0x0000000082600000, 0x0000000082600000, 0x0000000082700000|  0%| F|  |TAMS 0x0000000082600000, 0x0000000082600000| Untracked 
|  39|0x0000000082700000, 0x0000000082700000, 0x0000000082800000|  0%| F|  |TAMS 0x0000000082700000, 0x0000000082700000| Untracked 
|  40|0x0000000082800000, 0x0000000082800000, 0x0000000082900000|  0%| F|  |TAMS 0x0000000082800000, 0x0000000082800000| Untracked 
|  41|0x0000000082900000, 0x0000000082900000, 0x0000000082a00000|  0%| F|  |TAMS 0x0000000082900000, 0x0000000082900000| Untracked 
|  42|0x0000000082a00000, 0x0000000082a00000, 0x0000000082b00000|  0%| F|  |TAMS 0x0000000082a00000, 0x0000000082a00000| Untracked 
|  43|0x0000000082b00000, 0x0000000082b00000, 0x0000000082c00000|  0%| F|  |TAMS 0x0000000082b00000, 0x0000000082b00000| Untracked 
|  44|0x0000000082c00000, 0x0000000082c00000, 0x0000000082d00000|  0%| F|  |TAMS 0x0000000082c00000, 0x0000000082c00000| Untracked 
|  45|0x0000000082d00000, 0x0000000082d00000, 0x0000000082e00000|  0%| F|  |TAMS 0x0000000082d00000, 0x0000000082d00000| Untracked 
|  46|0x0000000082e00000, 0x0000000082e00000, 0x0000000082f00000|  0%| F|  |TAMS 0x0000000082e00000, 0x0000000082e00000| Untracked 
|  47|0x0000000082f00000, 0x0000000082f00000, 0x0000000083000000|  0%| F|  |TAMS 0x0000000082f00000, 0x0000000082f00000| Untracked 
|  48|0x0000000083000000, 0x0000000083000000, 0x0000000083100000|  0%| F|  |TAMS 0x0000000083000000, 0x0000000083000000| Untracked 
|  49|0x0000000083100000, 0x0000000083100000, 0x0000000083200000|  0%| F|  |TAMS 0x0000000083100000, 0x0000000083100000| Untracked 
|  50|0x0000000083200000, 0x0000000083200000, 0x0000000083300000|  0%| F|  |TAMS 0x0000000083200000, 0x0000000083200000| Untracked 
|  51|0x0000000083300000, 0x0000000083300000, 0x0000000083400000|  0%| F|  |TAMS 0x0000000083300000, 0x0000000083300000| Untracked 
|  52|0x0000000083400000, 0x0000000083400000, 0x0000000083500000|  0%| F|  |TAMS 0x0000000083400000, 0x0000000083400000| Untracked 
|  53|0x0000000083500000, 0x0000000083500000, 0x0000000083600000|  0%| F|  |TAMS 0x0000000083500000, 0x0000000083500000| Untracked 
|  54|0x0000000083600000, 0x0000000083600000, 0x0000000083700000|  0%| F|  |TAMS 0x0000000083600000, 0x0000000083600000| Untracked 
|  55|0x0000000083700000, 0x0000000083700000, 0x0000000083800000|  0%| F|  |TAMS 0x0000000083700000, 0x0000000083700000| Untracked 
|  56|0x0000000083800000, 0x0000000083800000, 0x0000000083900000|  0%| F|  |TAMS 0x0000000083800000, 0x0000000083800000| Untracked 
|  57|0x0000000083900000, 0x0000000083900000, 0x0000000083a00000|  0%| F|  |TAMS 0x0000000083900000, 0x0000000083900000| Untracked 
|  58|0x0000000083a00000, 0x0000000083a00000, 0x0000000083b00000|  0%| F|  |TAMS 0x0000000083a00000, 0x0000000083a00000| Untracked 
|  59|0x0000000083b00000, 0x0000000083b00000, 0x0000000083c00000|  0%| F|  |TAMS 0x0000000083b00000, 0x0000000083b00000| Untracked 
|  60|0x0000000083c00000, 0x0000000083c00000, 0x0000000083d00000|  0%| F|  |TAMS 0x0000000083c00000, 0x0000000083c00000| Untracked 
|  61|0x0000000083d00000, 0x0000000083d00000, 0x0000000083e00000|  0%| F|  |TAMS 0x0000000083d00000, 0x0000000083d00000| Untracked 
|  62|0x0000000083e00000, 0x0000000083e00000, 0x0000000083f00000|  0%| F|  |TAMS 0x0000000083e00000, 0x0000000083e00000| Untracked 
|  63|0x0000000083f00000, 0x0000000083f00000, 0x0000000084000000|  0%| F|  |TAMS 0x0000000083f00000, 0x0000000083f00000| Untracked 
|  64|0x0000000084000000, 0x0000000084000000, 0x0000000084100000|  0%| F|  |TAMS 0x0000000084000000, 0x0000000084000000| Untracked 
|  65|0x0000000084100000, 0x0000000084100000, 0x0000000084200000|  0%| F|  |TAMS 0x0000000084100000, 0x0000000084100000| Untracked 
|  66|0x0000000084200000, 0x0000000084200000, 0x0000000084300000|  0%| F|  |TAMS 0x0000000084200000, 0x0000000084200000| Untracked 
|  67|0x0000000084300000, 0x0000000084300000, 0x0000000084400000|  0%| F|  |TAMS 0x0000000084300000, 0x0000000084300000| Untracked 
|  68|0x0000000084400000, 0x0000000084400000, 0x0000000084500000|  0%| F|  |TAMS 0x0000000084400000, 0x0000000084400000| Untracked 
|  69|0x0000000084500000, 0x0000000084500000, 0x0000000084600000|  0%| F|  |TAMS 0x0000000084500000, 0x0000000084500000| Untracked 
|  70|0x0000000084600000, 0x0000000084600000, 0x0000000084700000|  0%| F|  |TAMS 0x0000000084600000, 0x0000000084600000| Untracked 
|  71|0x0000000084700000, 0x0000000084700000, 0x0000000084800000|  0%| F|  |TAMS 0x0000000084700000, 0x0000000084700000| Untracked 
|  72|0x0000000084800000, 0x0000000084800000, 0x0000000084900000|  0%| F|  |TAMS 0x0000000084800000, 0x0000000084800000| Untracked 
|  73|0x0000000084900000, 0x0000000084900000, 0x0000000084a00000|  0%| F|  |TAMS 0x0000000084900000, 0x0000000084900000| Untracked 
|  74|0x0000000084a00000, 0x0000000084a00000, 0x0000000084b00000|  0%| F|  |TAMS 0x0000000084a00000, 0x0000000084a00000| Untracked 
|  75|0x0000000084b00000, 0x0000000084b00000, 0x0000000084c00000|  0%| F|  |TAMS 0x0000000084b00000, 0x0000000084b00000| Untracked 
|  76|0x0000000084c00000, 0x0000000084c00000, 0x0000000084d00000|  0%| F|  |TAMS 0x0000000084c00000, 0x0000000084c00000| Untracked 
|  77|0x0000000084d00000, 0x0000000084d00000, 0x0000000084e00000|  0%| F|  |TAMS 0x0000000084d00000, 0x0000000084d00000| Untracked 
|  78|0x0000000084e00000, 0x0000000084e00000, 0x0000000084f00000|  0%| F|  |TAMS 0x0000000084e00000, 0x0000000084e00000| Untracked 
|  79|0x0000000084f00000, 0x0000000084f00000, 0x0000000085000000|  0%| F|  |TAMS 0x0000000084f00000, 0x0000000084f00000| Untracked 
|  80|0x0000000085000000, 0x0000000085000000, 0x0000000085100000|  0%| F|  |TAMS 0x0000000085000000, 0x0000000085000000| Untracked 
|  81|0x0000000085100000, 0x0000000085100000, 0x0000000085200000|  0%| F|  |TAMS 0x0000000085100000, 0x0000000085100000| Untracked 
|  82|0x0000000085200000, 0x0000000085200000, 0x0000000085300000|  0%| F|  |TAMS 0x0000000085200000, 0x0000000085200000| Untracked 
|  83|0x0000000085300000, 0x0000000085300000, 0x0000000085400000|  0%| F|  |TAMS 0x0000000085300000, 0x0000000085300000| Untracked 
|  84|0x0000000085400000, 0x0000000085400000, 0x0000000085500000|  0%| F|  |TAMS 0x0000000085400000, 0x0000000085400000| Untracked 
|  85|0x0000000085500000, 0x0000000085500000, 0x0000000085600000|  0%| F|  |TAMS 0x0000000085500000, 0x0000000085500000| Untracked 
|  86|0x0000000085600000, 0x0000000085600000, 0x0000000085700000|  0%| F|  |TAMS 0x0000000085600000, 0x0000000085600000| Untracked 
|  87|0x0000000085700000, 0x0000000085700000, 0x0000000085800000|  0%| F|  |TAMS 0x0000000085700000, 0x0000000085700000| Untracked 
|  88|0x0000000085800000, 0x0000000085800000, 0x0000000085900000|  0%| F|  |TAMS 0x0000000085800000, 0x0000000085800000| Untracked 
|  89|0x0000000085900000, 0x0000000085900000, 0x0000000085a00000|  0%| F|  |TAMS 0x0000000085900000, 0x0000000085900000| Untracked 
|  90|0x0000000085a00000, 0x0000000085a00000, 0x0000000085b00000|  0%| F|  |TAMS 0x0000000085a00000, 0x0000000085a00000| Untracked 
|  91|0x0000000085b00000, 0x0000000085b00000, 0x0000000085c00000|  0%| F|  |TAMS 0x0000000085b00000, 0x0000000085b00000| Untracked 
|  92|0x0000000085c00000, 0x0000000085c00000, 0x0000000085d00000|  0%| F|  |TAMS 0x0000000085c00000, 0x0000000085c00000| Untracked 
|  93|0x0000000085d00000, 0x0000000085d00000, 0x0000000085e00000|  0%| F|  |TAMS 0x0000000085d00000, 0x0000000085d00000| Untracked 
|  94|0x0000000085e00000, 0x0000000085e00000, 0x0000000085f00000|  0%| F|  |TAMS 0x0000000085e00000, 0x0000000085e00000| Untracked 
|  95|0x0000000085f00000, 0x0000000085f00000, 0x0000000086000000|  0%| F|  |TAMS 0x0000000085f00000, 0x0000000085f00000| Untracked 
|  96|0x0000000086000000, 0x0000000086000000, 0x0000000086100000|  0%| F|  |TAMS 0x0000000086000000, 0x0000000086000000| Untracked 
|  97|0x0000000086100000, 0x0000000086100000, 0x0000000086200000|  0%| F|  |TAMS 0x0000000086100000, 0x0000000086100000| Untracked 
|  98|0x0000000086200000, 0x0000000086200000, 0x0000000086300000|  0%| F|  |TAMS 0x0000000086200000, 0x0000000086200000| Untracked 
|  99|0x0000000086300000, 0x0000000086300000, 0x0000000086400000|  0%| F|  |TAMS 0x0000000086300000, 0x0000000086300000| Untracked 
| 100|0x0000000086400000, 0x0000000086400000, 0x0000000086500000|  0%| F|  |TAMS 0x0000000086400000, 0x0000000086400000| Untracked 
| 101|0x0000000086500000, 0x0000000086500000, 0x0000000086600000|  0%| F|  |TAMS 0x0000000086500000, 0x0000000086500000| Untracked 
| 102|0x0000000086600000, 0x0000000086600000, 0x0000000086700000|  0%| F|  |TAMS 0x0000000086600000, 0x0000000086600000| Untracked 
| 103|0x0000000086700000, 0x0000000086700000, 0x0000000086800000|  0%| F|  |TAMS 0x0000000086700000, 0x0000000086700000| Untracked 
| 104|0x0000000086800000, 0x0000000086800000, 0x0000000086900000|  0%| F|  |TAMS 0x0000000086800000, 0x0000000086800000| Untracked 
| 105|0x0000000086900000, 0x0000000086900000, 0x0000000086a00000|  0%| F|  |TAMS 0x0000000086900000, 0x0000000086900000| Untracked 
| 106|0x0000000086a00000, 0x0000000086a00000, 0x0000000086b00000|  0%| F|  |TAMS 0x0000000086a00000, 0x0000000086a00000| Untracked 
| 107|0x0000000086b00000, 0x0000000086b00000, 0x0000000086c00000|  0%| F|  |TAMS 0x0000000086b00000, 0x0000000086b00000| Untracked 
| 108|0x0000000086c00000, 0x0000000086c00000, 0x0000000086d00000|  0%| F|  |TAMS 0x0000000086c00000, 0x0000000086c00000| Untracked 
| 109|0x0000000086d00000, 0x0000000086d00000, 0x0000000086e00000|  0%| F|  |TAMS 0x0000000086d00000, 0x0000000086d00000| Untracked 
| 110|0x0000000086e00000, 0x0000000086e00000, 0x0000000086f00000|  0%| F|  |TAMS 0x0000000086e00000, 0x0000000086e00000| Untracked 
| 111|0x0000000086f00000, 0x0000000086f00000, 0x0000000087000000|  0%| F|  |TAMS 0x0000000086f00000, 0x0000000086f00000| Untracked 
| 112|0x0000000087000000, 0x0000000087000000, 0x0000000087100000|  0%| F|  |TAMS 0x0000000087000000, 0x0000000087000000| Untracked 
| 113|0x0000000087100000, 0x0000000087100000, 0x0000000087200000|  0%| F|  |TAMS 0x0000000087100000, 0x0000000087100000| Untracked 
| 114|0x0000000087200000, 0x0000000087200000, 0x0000000087300000|  0%| F|  |TAMS 0x0000000087200000, 0x0000000087200000| Untracked 
| 115|0x0000000087300000, 0x0000000087300000, 0x0000000087400000|  0%| F|  |TAMS 0x0000000087300000, 0x0000000087300000| Untracked 
| 116|0x0000000087400000, 0x0000000087400000, 0x0000000087500000|  0%| F|  |TAMS 0x0000000087400000, 0x0000000087400000| Untracked 
| 117|0x0000000087500000, 0x0000000087500000, 0x0000000087600000|  0%| F|  |TAMS 0x0000000087500000, 0x0000000087500000| Untracked 
| 118|0x0000000087600000, 0x0000000087600000, 0x0000000087700000|  0%| F|  |TAMS 0x0000000087600000, 0x0000000087600000| Untracked 
| 119|0x0000000087700000, 0x0000000087700000, 0x0000000087800000|  0%| F|  |TAMS 0x0000000087700000, 0x0000000087700000| Untracked 
| 120|0x0000000087800000, 0x0000000087800000, 0x0000000087900000|  0%| F|  |TAMS 0x0000000087800000, 0x0000000087800000| Untracked 
| 121|0x0000000087900000, 0x0000000087900000, 0x0000000087a00000|  0%| F|  |TAMS 0x0000000087900000, 0x0000000087900000| Untracked 
| 122|0x0000000087a00000, 0x0000000087a00000, 0x0000000087b00000|  0%| F|  |TAMS 0x0000000087a00000, 0x0000000087a00000| Untracked 
| 123|0x0000000087b00000, 0x0000000087b00000, 0x0000000087c00000|  0%| F|  |TAMS 0x0000000087b00000, 0x0000000087b00000| Untracked 
| 124|0x0000000087c00000, 0x0000000087c00000, 0x0000000087d00000|  0%| F|  |TAMS 0x0000000087c00000, 0x0000000087c00000| Untracked 
| 125|0x0000000087d00000, 0x0000000087d00000, 0x0000000087e00000|  0%| F|  |TAMS 0x0000000087d00000, 0x0000000087d00000| Untracked 
| 126|0x0000000087e00000, 0x0000000087e00000, 0x0000000087f00000|  0%| F|  |TAMS 0x0000000087e00000, 0x0000000087e00000| Untracked 
| 127|0x0000000087f00000, 0x0000000087f00000, 0x0000000088000000|  0%| F|  |TAMS 0x0000000087f00000, 0x0000000087f00000| Untracked 
| 128|0x0000000088000000, 0x0000000088000000, 0x0000000088100000|  0%| F|  |TAMS 0x0000000088000000, 0x0000000088000000| Untracked 
| 129|0x0000000088100000, 0x0000000088100000, 0x0000000088200000|  0%| F|  |TAMS 0x0000000088100000, 0x0000000088100000| Untracked 
| 130|0x0000000088200000, 0x0000000088200000, 0x0000000088300000|  0%| F|  |TAMS 0x0000000088200000, 0x0000000088200000| Untracked 
| 131|0x0000000088300000, 0x0000000088300000, 0x0000000088400000|  0%| F|  |TAMS 0x0000000088300000, 0x0000000088300000| Untracked 
| 132|0x0000000088400000, 0x0000000088400000, 0x0000000088500000|  0%| F|  |TAMS 0x0000000088400000, 0x0000000088400000| Untracked 
| 133|0x0000000088500000, 0x0000000088500000, 0x0000000088600000|  0%| F|  |TAMS 0x0000000088500000, 0x0000000088500000| Untracked 
| 134|0x0000000088600000, 0x0000000088600000, 0x0000000088700000|  0%| F|  |TAMS 0x0000000088600000, 0x0000000088600000| Untracked 
| 135|0x0000000088700000, 0x0000000088700000, 0x0000000088800000|  0%| F|  |TAMS 0x0000000088700000, 0x0000000088700000| Untracked 
| 136|0x0000000088800000, 0x0000000088800000, 0x0000000088900000|  0%| F|  |TAMS 0x0000000088800000, 0x0000000088800000| Untracked 
| 137|0x0000000088900000, 0x0000000088900000, 0x0000000088a00000|  0%| F|  |TAMS 0x0000000088900000, 0x0000000088900000| Untracked 
| 138|0x0000000088a00000, 0x0000000088a00000, 0x0000000088b00000|  0%| F|  |TAMS 0x0000000088a00000, 0x0000000088a00000| Untracked 
| 139|0x0000000088b00000, 0x0000000088b00000, 0x0000000088c00000|  0%| F|  |TAMS 0x0000000088b00000, 0x0000000088b00000| Untracked 
| 140|0x0000000088c00000, 0x0000000088c00000, 0x0000000088d00000|  0%| F|  |TAMS 0x0000000088c00000, 0x0000000088c00000| Untracked 
| 141|0x0000000088d00000, 0x0000000088d00000, 0x0000000088e00000|  0%| F|  |TAMS 0x0000000088d00000, 0x0000000088d00000| Untracked 
| 142|0x0000000088e00000, 0x0000000088e00000, 0x0000000088f00000|  0%| F|  |TAMS 0x0000000088e00000, 0x0000000088e00000| Untracked 
| 143|0x0000000088f00000, 0x0000000088f00000, 0x0000000089000000|  0%| F|  |TAMS 0x0000000088f00000, 0x0000000088f00000| Untracked 
| 144|0x0000000089000000, 0x000000008905cbc0, 0x0000000089100000| 36%| S|CS|TAMS 0x0000000089000000, 0x0000000089000000| Complete 
| 145|0x0000000089100000, 0x0000000089200000, 0x0000000089200000|100%| S|CS|TAMS 0x0000000089100000, 0x0000000089100000| Complete 
| 146|0x0000000089200000, 0x0000000089300000, 0x0000000089300000|100%| S|CS|TAMS 0x0000000089200000, 0x0000000089200000| Complete 
| 147|0x0000000089300000, 0x0000000089400000, 0x0000000089400000|100%| S|CS|TAMS 0x0000000089300000, 0x0000000089300000| Complete 
| 148|0x0000000089400000, 0x0000000089500000, 0x0000000089500000|100%| S|CS|TAMS 0x0000000089400000, 0x0000000089400000| Complete 
| 149|0x0000000089500000, 0x0000000089600000, 0x0000000089600000|100%| S|CS|TAMS 0x0000000089500000, 0x0000000089500000| Complete 
| 150|0x0000000089600000, 0x0000000089600000, 0x0000000089700000|  0%| F|  |TAMS 0x0000000089600000, 0x0000000089600000| Untracked 
| 151|0x0000000089700000, 0x0000000089700000, 0x0000000089800000|  0%| F|  |TAMS 0x0000000089700000, 0x0000000089700000| Untracked 
| 152|0x0000000089800000, 0x0000000089800000, 0x0000000089900000|  0%| F|  |TAMS 0x0000000089800000, 0x0000000089800000| Untracked 
| 153|0x0000000089900000, 0x0000000089900000, 0x0000000089a00000|  0%| F|  |TAMS 0x0000000089900000, 0x0000000089900000| Untracked 
| 154|0x0000000089a00000, 0x0000000089a00000, 0x0000000089b00000|  0%| F|  |TAMS 0x0000000089a00000, 0x0000000089a00000| Untracked 
| 155|0x0000000089b00000, 0x0000000089b80800, 0x0000000089c00000| 50%| E|  |TAMS 0x0000000089b00000, 0x0000000089b00000| Complete 
| 156|0x0000000089c00000, 0x0000000089d00000, 0x0000000089d00000|100%| E|CS|TAMS 0x0000000089c00000, 0x0000000089c00000| Complete 
| 157|0x0000000089d00000, 0x0000000089e00000, 0x0000000089e00000|100%| E|CS|TAMS 0x0000000089d00000, 0x0000000089d00000| Complete 
| 158|0x0000000089e00000, 0x0000000089f00000, 0x0000000089f00000|100%| E|CS|TAMS 0x0000000089e00000, 0x0000000089e00000| Complete 
| 159|0x0000000089f00000, 0x000000008a000000, 0x000000008a000000|100%| E|CS|TAMS 0x0000000089f00000, 0x0000000089f00000| Complete 
| 160|0x000000008a000000, 0x000000008a100000, 0x000000008a100000|100%| E|CS|TAMS 0x000000008a000000, 0x000000008a000000| Complete 
| 161|0x000000008a100000, 0x000000008a200000, 0x000000008a200000|100%| E|CS|TAMS 0x000000008a100000, 0x000000008a100000| Complete 
| 162|0x000000008a200000, 0x000000008a300000, 0x000000008a300000|100%| E|CS|TAMS 0x000000008a200000, 0x000000008a200000| Complete 
| 163|0x000000008a300000, 0x000000008a400000, 0x000000008a400000|100%| E|CS|TAMS 0x000000008a300000, 0x000000008a300000| Complete 
| 164|0x000000008a400000, 0x000000008a500000, 0x000000008a500000|100%| E|CS|TAMS 0x000000008a400000, 0x000000008a400000| Complete 
| 165|0x000000008a500000, 0x000000008a600000, 0x000000008a600000|100%| E|CS|TAMS 0x000000008a500000, 0x000000008a500000| Complete 
| 166|0x000000008a600000, 0x000000008a700000, 0x000000008a700000|100%| E|CS|TAMS 0x000000008a600000, 0x000000008a600000| Complete 
| 167|0x000000008a700000, 0x000000008a800000, 0x000000008a800000|100%| E|CS|TAMS 0x000000008a700000, 0x000000008a700000| Complete 
| 168|0x000000008a800000, 0x000000008a900000, 0x000000008a900000|100%| E|CS|TAMS 0x000000008a800000, 0x000000008a800000| Complete 
| 169|0x000000008a900000, 0x000000008aa00000, 0x000000008aa00000|100%| E|CS|TAMS 0x000000008a900000, 0x000000008a900000| Complete 
| 170|0x000000008aa00000, 0x000000008ab00000, 0x000000008ab00000|100%| E|CS|TAMS 0x000000008aa00000, 0x000000008aa00000| Complete 
| 171|0x000000008ab00000, 0x000000008ac00000, 0x000000008ac00000|100%| E|CS|TAMS 0x000000008ab00000, 0x000000008ab00000| Complete 
| 172|0x000000008ac00000, 0x000000008ad00000, 0x000000008ad00000|100%| E|CS|TAMS 0x000000008ac00000, 0x000000008ac00000| Complete 
| 173|0x000000008ad00000, 0x000000008ae00000, 0x000000008ae00000|100%| E|CS|TAMS 0x000000008ad00000, 0x000000008ad00000| Complete 
| 174|0x000000008ae00000, 0x000000008af00000, 0x000000008af00000|100%| E|CS|TAMS 0x000000008ae00000, 0x000000008ae00000| Complete 
| 175|0x000000008af00000, 0x000000008b000000, 0x000000008b000000|100%| E|CS|TAMS 0x000000008af00000, 0x000000008af00000| Complete 
| 176|0x000000008b000000, 0x000000008b100000, 0x000000008b100000|100%| E|CS|TAMS 0x000000008b000000, 0x000000008b000000| Complete 
| 177|0x000000008b100000, 0x000000008b200000, 0x000000008b200000|100%| E|CS|TAMS 0x000000008b100000, 0x000000008b100000| Complete 
| 178|0x000000008b200000, 0x000000008b300000, 0x000000008b300000|100%| E|CS|TAMS 0x000000008b200000, 0x000000008b200000| Complete 
| 179|0x000000008b300000, 0x000000008b400000, 0x000000008b400000|100%| E|CS|TAMS 0x000000008b300000, 0x000000008b300000| Complete 
| 180|0x000000008b400000, 0x000000008b500000, 0x000000008b500000|100%| E|CS|TAMS 0x000000008b400000, 0x000000008b400000| Complete 
| 181|0x000000008b500000, 0x000000008b600000, 0x000000008b600000|100%| E|CS|TAMS 0x000000008b500000, 0x000000008b500000| Complete 
| 182|0x000000008b600000, 0x000000008b700000, 0x000000008b700000|100%| E|CS|TAMS 0x000000008b600000, 0x000000008b600000| Complete 
| 183|0x000000008b700000, 0x000000008b800000, 0x000000008b800000|100%| E|CS|TAMS 0x000000008b700000, 0x000000008b700000| Complete 
| 184|0x000000008b800000, 0x000000008b900000, 0x000000008b900000|100%| E|CS|TAMS 0x000000008b800000, 0x000000008b800000| Complete 
| 185|0x000000008b900000, 0x000000008ba00000, 0x000000008ba00000|100%| E|CS|TAMS 0x000000008b900000, 0x000000008b900000| Complete 
| 186|0x000000008ba00000, 0x000000008bb00000, 0x000000008bb00000|100%| E|CS|TAMS 0x000000008ba00000, 0x000000008ba00000| Complete 
| 187|0x000000008bb00000, 0x000000008bc00000, 0x000000008bc00000|100%| E|CS|TAMS 0x000000008bb00000, 0x000000008bb00000| Complete 
| 188|0x000000008bc00000, 0x000000008bd00000, 0x000000008bd00000|100%| E|CS|TAMS 0x000000008bc00000, 0x000000008bc00000| Complete 
| 189|0x000000008bd00000, 0x000000008be00000, 0x000000008be00000|100%| E|CS|TAMS 0x000000008bd00000, 0x000000008bd00000| Complete 
| 190|0x000000008be00000, 0x000000008bf00000, 0x000000008bf00000|100%| E|CS|TAMS 0x000000008be00000, 0x000000008be00000| Complete 
| 191|0x000000008bf00000, 0x000000008c000000, 0x000000008c000000|100%| E|CS|TAMS 0x000000008bf00000, 0x000000008bf00000| Complete 
| 192|0x000000008c000000, 0x000000008c100000, 0x000000008c100000|100%| E|CS|TAMS 0x000000008c000000, 0x000000008c000000| Complete 
| 193|0x000000008c100000, 0x000000008c200000, 0x000000008c200000|100%| E|CS|TAMS 0x000000008c100000, 0x000000008c100000| Complete 
| 194|0x000000008c200000, 0x000000008c300000, 0x000000008c300000|100%| E|CS|TAMS 0x000000008c200000, 0x000000008c200000| Complete 
| 195|0x000000008c300000, 0x000000008c400000, 0x000000008c400000|100%| E|CS|TAMS 0x000000008c300000, 0x000000008c300000| Complete 
| 196|0x000000008c400000, 0x000000008c500000, 0x000000008c500000|100%| E|CS|TAMS 0x000000008c400000, 0x000000008c400000| Complete 
| 197|0x000000008c500000, 0x000000008c600000, 0x000000008c600000|100%| E|CS|TAMS 0x000000008c500000, 0x000000008c500000| Complete 
| 198|0x000000008c600000, 0x000000008c700000, 0x000000008c700000|100%| E|CS|TAMS 0x000000008c600000, 0x000000008c600000| Complete 
| 199|0x000000008c700000, 0x000000008c800000, 0x000000008c800000|100%| E|CS|TAMS 0x000000008c700000, 0x000000008c700000| Complete 
| 200|0x000000008c800000, 0x000000008c900000, 0x000000008c900000|100%| E|CS|TAMS 0x000000008c800000, 0x000000008c800000| Complete 
| 201|0x000000008c900000, 0x000000008ca00000, 0x000000008ca00000|100%| E|CS|TAMS 0x000000008c900000, 0x000000008c900000| Complete 
| 202|0x000000008ca00000, 0x000000008cb00000, 0x000000008cb00000|100%| E|CS|TAMS 0x000000008ca00000, 0x000000008ca00000| Complete 
| 203|0x000000008cb00000, 0x000000008cc00000, 0x000000008cc00000|100%| E|CS|TAMS 0x000000008cb00000, 0x000000008cb00000| Complete 
| 204|0x000000008cc00000, 0x000000008cd00000, 0x000000008cd00000|100%| E|CS|TAMS 0x000000008cc00000, 0x000000008cc00000| Complete 
| 205|0x000000008cd00000, 0x000000008ce00000, 0x000000008ce00000|100%| E|CS|TAMS 0x000000008cd00000, 0x000000008cd00000| Complete 
| 206|0x000000008ce00000, 0x000000008cf00000, 0x000000008cf00000|100%| E|CS|TAMS 0x000000008ce00000, 0x000000008ce00000| Complete 
| 207|0x000000008cf00000, 0x000000008d000000, 0x000000008d000000|100%| E|CS|TAMS 0x000000008cf00000, 0x000000008cf00000| Complete 
| 208|0x000000008d000000, 0x000000008d100000, 0x000000008d100000|100%| E|CS|TAMS 0x000000008d000000, 0x000000008d000000| Complete 
| 209|0x000000008d100000, 0x000000008d200000, 0x000000008d200000|100%| E|CS|TAMS 0x000000008d100000, 0x000000008d100000| Complete 
| 210|0x000000008d200000, 0x000000008d300000, 0x000000008d300000|100%| E|CS|TAMS 0x000000008d200000, 0x000000008d200000| Complete 
| 211|0x000000008d300000, 0x000000008d400000, 0x000000008d400000|100%| E|CS|TAMS 0x000000008d300000, 0x000000008d300000| Complete 
| 212|0x000000008d400000, 0x000000008d500000, 0x000000008d500000|100%| E|  |TAMS 0x000000008d400000, 0x000000008d400000| Complete 
| 213|0x000000008d500000, 0x000000008d600000, 0x000000008d600000|100%| E|CS|TAMS 0x000000008d500000, 0x000000008d500000| Complete 
| 214|0x000000008d600000, 0x000000008d700000, 0x000000008d700000|100%| E|CS|TAMS 0x000000008d600000, 0x000000008d600000| Complete 
| 215|0x000000008d700000, 0x000000008d800000, 0x000000008d800000|100%| E|CS|TAMS 0x000000008d700000, 0x000000008d700000| Complete 
| 216|0x000000008d800000, 0x000000008d900000, 0x000000008d900000|100%| E|CS|TAMS 0x000000008d800000, 0x000000008d800000| Complete 
| 217|0x000000008d900000, 0x000000008da00000, 0x000000008da00000|100%| E|CS|TAMS 0x000000008d900000, 0x000000008d900000| Complete 
| 218|0x000000008da00000, 0x000000008db00000, 0x000000008db00000|100%| E|CS|TAMS 0x000000008da00000, 0x000000008da00000| Complete 
| 219|0x000000008db00000, 0x000000008dc00000, 0x000000008dc00000|100%| E|CS|TAMS 0x000000008db00000, 0x000000008db00000| Complete 

Card table byte_map: [0x0000022bf7380000,0x0000022bf7780000] _byte_map_base: 0x0000022bf6f80000

Marking Bits (Prev, Next): (CMBitMap*) 0x0000022be34cf688, (CMBitMap*) 0x0000022be34cf6c0
 Prev Bits: [0x0000022bf7b80000, 0x0000022bf9b80000)
 Next Bits: [0x0000022bf9b80000, 0x0000022bfbb80000)

Polling page: 0x0000022be3570000

Metaspace:

Usage:
  Non-class:     35.94 MB capacity,    35.43 MB ( 99%) used,   424.46 KB (  1%) free+waste,    97.31 KB ( <1%) overhead. 
      Class:      5.55 MB capacity,     5.19 MB ( 94%) used,   317.66 KB (  6%) free+waste,    46.75 KB ( <1%) overhead. 
       Both:     41.49 MB capacity,    40.62 MB ( 98%) used,   742.13 KB (  2%) free+waste,   144.06 KB ( <1%) overhead. 

Virtual space:
  Non-class space:       38.00 MB reserved,      36.08 MB ( 95%) committed 
      Class space:        1.00 GB reserved,       5.57 MB ( <1%) committed 
             Both:        1.04 GB reserved,      41.65 MB (  4%) committed 

Chunk freelists:
   Non-Class:  12.00 KB
       Class:  0 bytes
        Both:  12.00 KB

MaxMetaspaceSize: 17179869184.00 GB
CompressedClassSpaceSize: 1.00 GB
Initial GC threshold: 20.80 MB
Current GC threshold: 59.00 MB
CDS: off

CodeHeap 'non-profiled nmethods': size=119168Kb used=1985Kb max_used=1985Kb free=117182Kb
 bounds [0x0000022beeb60000, 0x0000022beedd0000, 0x0000022bf5fc0000]
CodeHeap 'profiled nmethods': size=119168Kb used=8287Kb max_used=8287Kb free=110880Kb
 bounds [0x0000022be7700000, 0x0000022be7f20000, 0x0000022beeb60000]
CodeHeap 'non-nmethods': size=7424Kb used=3969Kb max_used=4019Kb free=3454Kb
 bounds [0x0000022be6fc0000, 0x0000022be73b0000, 0x0000022be7700000]
 total_blobs=4580 nmethods=3813 adapters=676
 compilation: enabled
              stopped_count=0, restarted_count=0
 full_count=0

Compilation events (20 events):
Event: 2.795 Thread 0x0000022b8008d000 nmethod 3783 0x0000022beed47290 code [0x0000022beed47420, 0x0000022beed474d8]
Event: 2.798 Thread 0x0000022bff4e2000 3784       1       com.google.common.base.Suppliers$SupplierOfInstance::get (5 bytes)
Event: 2.798 Thread 0x0000022bff4e2000 nmethod 3784 0x0000022beed47590 code [0x0000022beed47740, 0x0000022beed477f8]
Event: 2.810 Thread 0x0000022bfebfb800 3785       3       java.util.concurrent.locks.AbstractQueuedSynchronizer::isOnSyncQueue (33 bytes)
Event: 2.811 Thread 0x0000022bfebfb800 nmethod 3785 0x0000022be7f0ee90 code [0x0000022be7f0f060, 0x0000022be7f0f3b8]
Event: 2.813 Thread 0x0000022b8008d000 3786       4       java.lang.ClassLoader::addClass (9 bytes)
Event: 2.815 Thread 0x0000022b8008d000 nmethod 3786 0x0000022beed47890 code [0x0000022beed47a40, 0x0000022beed47ee8]
Event: 2.817 Thread 0x0000022b8296e000 nmethod 3687 0x0000022beed48110 code [0x0000022beed48480, 0x0000022beed4c518]
Event: 2.818 Thread 0x0000022b8008d000 3787  s    4       java.util.jar.JarFile::getInputStream (72 bytes)
Event: 2.819 Thread 0x0000022b8296e000 3788       4       org.gradle.internal.service.DefaultServiceRegistry$CompositeServiceProvider::getService (49 bytes)
Event: 2.820 Thread 0x0000022b80e51800 3790       3       org.gradle.internal.instantiation.generator.AsmBackedClassGenerator::access$600 (4 bytes)
Event: 2.820 Thread 0x0000022b80e51800 nmethod 3790 0x0000022be7f0f510 code [0x0000022be7f0f6c0, 0x0000022be7f0f7b8]
Event: 2.820 Thread 0x0000022b8296e000 nmethod 3788 0x0000022beed4dc90 code [0x0000022beed4de20, 0x0000022beed4df18]
Event: 2.820 Thread 0x0000022b8296e000 3789       4       org.gradle.internal.service.DefaultServiceRegistry$OwnServices::getService (309 bytes)
Event: 2.820 Thread 0x0000022b80782000 3791       3       jdk.internal.reflect.AccessorGenerator::sub (5 bytes)
Event: 2.820 Thread 0x0000022bff4e2000 3792       3       jdk.internal.reflect.ClassFileAssembler::setStack (25 bytes)
Event: 2.820 Thread 0x0000022b80782000 nmethod 3791 0x0000022be7f0f890 code [0x0000022be7f0fa40, 0x0000022be7f0fb38]
Event: 2.820 Thread 0x0000022bff4e2000 nmethod 3792 0x0000022be7f0fc10 code [0x0000022be7f0fdc0, 0x0000022be7f0fef8]
Event: 2.825 Thread 0x0000022bfebfb800 3794       3       java.util.regex.Matcher::end (67 bytes)
Event: 2.826 Thread 0x0000022bfebfb800 nmethod 3794 0x0000022be7f0ff90 code [0x0000022be7f10220, 0x0000022be7f10c88]

GC Heap History (8 events):
Event: 0.392 GC heap before
{Heap before GC invocations=0 (full 0):
 garbage-first heap   total 225280K, used 29696K [0x0000000080000000, 0x0000000100000000)
  region size 1024K, 24 young (24576K), 0 survivors (0K)
 Metaspace       used 10169K, capacity 10399K, committed 10624K, reserved 1058816K
  class space    used 1051K, capacity 1106K, committed 1152K, reserved 1048576K
}
Event: 0.395 GC heap after
{Heap after GC invocations=1 (full 0):
 garbage-first heap   total 225280K, used 9434K [0x0000000080000000, 0x0000000100000000)
  region size 1024K, 3 young (3072K), 3 survivors (3072K)
 Metaspace       used 10169K, capacity 10399K, committed 10624K, reserved 1058816K
  class space    used 1051K, capacity 1106K, committed 1152K, reserved 1048576K
}
Event: 1.341 GC heap before
{Heap before GC invocations=1 (full 0):
 garbage-first heap   total 225280K, used 112858K [0x0000000080000000, 0x0000000100000000)
  region size 1024K, 104 young (106496K), 3 survivors (3072K)
 Metaspace       used 20796K, capacity 21238K, committed 21296K, reserved 1069056K
  class space    used 2517K, capacity 2679K, committed 2688K, reserved 1048576K
}
Event: 1.347 GC heap after
{Heap after GC invocations=2 (full 0):
 garbage-first heap   total 225280K, used 17106K [0x0000000080000000, 0x0000000100000000)
  region size 1024K, 11 young (11264K), 11 survivors (11264K)
 Metaspace       used 20796K, capacity 21238K, committed 21296K, reserved 1069056K
  class space    used 2517K, capacity 2679K, committed 2688K, reserved 1048576K
}
Event: 1.711 GC heap before
{Heap before GC invocations=3 (full 0):
 garbage-first heap   total 225280K, used 65234K [0x0000000080000000, 0x0000000100000000)
  region size 1024K, 58 young (59392K), 11 survivors (11264K)
 Metaspace       used 25664K, capacity 26231K, committed 26416K, reserved 1073152K
  class space    used 3260K, capacity 3454K, committed 3456K, reserved 1048576K
}
Event: 1.716 GC heap after
{Heap after GC invocations=4 (full 0):
 garbage-first heap   total 225280K, used 18656K [0x0000000080000000, 0x0000000100000000)
  region size 1024K, 3 young (3072K), 3 survivors (3072K)
 Metaspace       used 25664K, capacity 26231K, committed 26416K, reserved 1073152K
  class space    used 3260K, capacity 3454K, committed 3456K, reserved 1048576K
}
Event: 2.329 GC heap before
{Heap before GC invocations=4 (full 0):
 garbage-first heap   total 225280K, used 86240K [0x0000000080000000, 0x0000000100000000)
  region size 1024K, 70 young (71680K), 3 survivors (3072K)
 Metaspace       used 35060K, capacity 35821K, committed 35920K, reserved 1081344K
  class space    used 4504K, capacity 4808K, committed 4864K, reserved 1048576K
}
Event: 2.335 GC heap after
{Heap after GC invocations=5 (full 0):
 garbage-first heap   total 225280K, used 21972K [0x0000000080000000, 0x0000000100000000)
  region size 1024K, 6 young (6144K), 6 survivors (6144K)
 Metaspace       used 35060K, capacity 35821K, committed 35920K, reserved 1081344K
  class space    used 4504K, capacity 4808K, committed 4864K, reserved 1048576K
}

Deoptimization events (20 events):
Event: 2.652 Thread 0x0000022b817ce800 Uncommon trap: trap_request=0xffffffc6 fr.pc=0x0000022beecfd050 relative=0x0000000000000830
Event: 2.652 Thread 0x0000022b817ce800 Uncommon trap: reason=bimorphic_or_optimized_type_check action=maybe_recompile pc=0x0000022beecfd050 method=java.util.stream.ReferencePipeline.forEachWithCancel(Ljava/util/Spliterator;Ljava/util/stream/Sink;)Z @ 13 c2
Event: 2.652 Thread 0x0000022b817ce800 DEOPT PACKING pc=0x0000022beecfd050 sp=0x000000bfac3f87d0
Event: 2.652 Thread 0x0000022b817ce800 DEOPT UNPACKING pc=0x0000022be700a1af sp=0x000000bfac3f8788 mode 2
Event: 2.652 Thread 0x0000022b817ce800 Uncommon trap: trap_request=0xffffffc6 fr.pc=0x0000022beecfd050 relative=0x0000000000000830
Event: 2.652 Thread 0x0000022b817ce800 Uncommon trap: reason=bimorphic_or_optimized_type_check action=maybe_recompile pc=0x0000022beecfd050 method=java.util.stream.ReferencePipeline.forEachWithCancel(Ljava/util/Spliterator;Ljava/util/stream/Sink;)Z @ 13 c2
Event: 2.652 Thread 0x0000022b817ce800 DEOPT PACKING pc=0x0000022beecfd050 sp=0x000000bfac3f87d0
Event: 2.652 Thread 0x0000022b817ce800 DEOPT UNPACKING pc=0x0000022be700a1af sp=0x000000bfac3f8788 mode 2
Event: 2.656 Thread 0x0000022b817ce800 Uncommon trap: trap_request=0xffffff4d fr.pc=0x0000022beecc15b0 relative=0x0000000000000110
Event: 2.656 Thread 0x0000022b817ce800 Uncommon trap: reason=unstable_if action=reinterpret pc=0x0000022beecc15b0 method=java.util.Arrays.hashCode([Ljava/lang/Object;)I @ 34 c2
Event: 2.656 Thread 0x0000022b817ce800 DEOPT PACKING pc=0x0000022beecc15b0 sp=0x000000bfac3f9630
Event: 2.656 Thread 0x0000022b817ce800 DEOPT UNPACKING pc=0x0000022be700a1af sp=0x000000bfac3f95a8 mode 2
Event: 2.662 Thread 0x0000022b817ce800 Uncommon trap: trap_request=0xffffff6e fr.pc=0x0000022beecbd24c relative=0x000000000000078c
Event: 2.662 Thread 0x0000022b817ce800 Uncommon trap: reason=speculate_class_check action=maybe_recompile pc=0x0000022beecbd24c method=java.lang.reflect.Executable.declaredAnnotations()Ljava/util/Map; @ 23 c2
Event: 2.662 Thread 0x0000022b817ce800 DEOPT PACKING pc=0x0000022beecbd24c sp=0x000000bfac3f9fc0
Event: 2.662 Thread 0x0000022b817ce800 DEOPT UNPACKING pc=0x0000022be700a1af sp=0x000000bfac3f9f00 mode 2
Event: 2.685 Thread 0x0000022b817ce800 Uncommon trap: trap_request=0xffffffde fr.pc=0x0000022beed14970 relative=0x0000000000003130
Event: 2.685 Thread 0x0000022b817ce800 Uncommon trap: reason=class_check action=maybe_recompile pc=0x0000022beed14970 method=java.util.regex.Pattern$CharProperty.study(Ljava/util/regex/Pattern$TreeInfo;)Z @ 25 c2
Event: 2.685 Thread 0x0000022b817ce800 DEOPT PACKING pc=0x0000022beed14970 sp=0x000000bfac3fa8b0
Event: 2.685 Thread 0x0000022b817ce800 DEOPT UNPACKING pc=0x0000022be700a1af sp=0x000000bfac3fa7b8 mode 2

Classes redefined (0 events):
No events

Internal exceptions (20 events):
Event: 2.589 Thread 0x0000022b817ce800 Exception <a 'java/lang/ClassNotFoundException'{0x000000008b5268d8}: org/gradle/initialization/SettingsScriptBeanInfo> (0x000000008b5268d8) thrown at [./src/hotspot/share/classfile/systemDictionary.cpp, line 231]
Event: 2.589 Thread 0x0000022b817ce800 Exception <a 'java/lang/ClassNotFoundException'{0x000000008b53daf0}: org/gradle/plugin/use/internal/PluginsAwareScriptBeanInfo> (0x000000008b53daf0) thrown at [./src/hotspot/share/classfile/systemDictionary.cpp, line 231]
Event: 2.589 Thread 0x0000022b817ce800 Exception <a 'java/lang/ClassNotFoundException'{0x000000008b5539d0}: org/gradle/groovy/scripts/DefaultScriptBeanInfo> (0x000000008b5539d0) thrown at [./src/hotspot/share/classfile/systemDictionary.cpp, line 231]
Event: 2.589 Thread 0x0000022b817ce800 Exception <a 'java/lang/ClassNotFoundException'{0x000000008b569990}: org/gradle/groovy/scripts/BasicScriptBeanInfo> (0x000000008b569990) thrown at [./src/hotspot/share/classfile/systemDictionary.cpp, line 231]
Event: 2.589 Thread 0x0000022b817ce800 Exception <a 'java/lang/ClassNotFoundException'{0x000000008b57e850}: org/gradle/groovy/scripts/ScriptBeanInfo> (0x000000008b57e850) thrown at [./src/hotspot/share/classfile/systemDictionary.cpp, line 231]
Event: 2.590 Thread 0x0000022b817ce800 Exception <a 'java/lang/ClassNotFoundException'{0x000000008b5f0e60}: groovy/lang/ScriptBeanInfo> (0x000000008b5f0e60) thrown at [./src/hotspot/share/classfile/systemDictionary.cpp, line 231]
Event: 2.590 Thread 0x0000022b817ce800 Exception <a 'java/lang/ClassNotFoundException'{0x000000008b412558}: groovy/lang/ScriptCustomizer> (0x000000008b412558) thrown at [./src/hotspot/share/classfile/systemDictionary.cpp, line 231]
Event: 2.591 Thread 0x0000022b817ce800 Exception <a 'java/lang/ClassNotFoundException'{0x000000008b42f4e0}: org/gradle/groovy/scripts/ScriptCustomizer> (0x000000008b42f4e0) thrown at [./src/hotspot/share/classfile/systemDictionary.cpp, line 231]
Event: 2.591 Thread 0x0000022b817ce800 Exception <a 'java/lang/ClassNotFoundException'{0x000000008b44c0d8}: org/gradle/groovy/scripts/BasicScriptCustomizer> (0x000000008b44c0d8) thrown at [./src/hotspot/share/classfile/systemDictionary.cpp, line 231]
Event: 2.592 Thread 0x0000022b817ce800 Exception <a 'java/lang/ClassNotFoundException'{0x000000008b46e830}: org/gradle/groovy/scripts/DefaultScriptCustomizer> (0x000000008b46e830) thrown at [./src/hotspot/share/classfile/systemDictionary.cpp, line 231]
Event: 2.596 Thread 0x0000022b817ce800 Exception <a 'java/lang/ClassNotFoundException'{0x000000008b4be758}: org/gradle/plugin/use/internal/PluginsAwareScriptCustomizer> (0x000000008b4be758) thrown at [./src/hotspot/share/classfile/systemDictionary.cpp, line 231]
Event: 2.597 Thread 0x0000022b817ce800 Exception <a 'java/lang/ClassNotFoundException'{0x000000008b4dbee8}: org/gradle/initialization/SettingsScriptCustomizer> (0x000000008b4dbee8) thrown at [./src/hotspot/share/classfile/systemDictionary.cpp, line 231]
Event: 2.598 Thread 0x0000022b817ce800 Exception <a 'java/lang/ClassNotFoundException'{0x000000008b4eed78}: settings_ejytympuuedwjz5aadw7ltgomCustomizer> (0x000000008b4eed78) thrown at [./src/hotspot/share/classfile/systemDictionary.cpp, line 231]
Event: 2.634 Thread 0x0000022b817ce800 Exception <a 'java/lang/ClassNotFoundException'{0x000000008b16b7f8}: org/gradle/initialization/DefaultSettings_DecoratedBeanInfo> (0x000000008b16b7f8) thrown at [./src/hotspot/share/classfile/systemDictionary.cpp, line 231]
Event: 2.635 Thread 0x0000022b817ce800 Exception <a 'java/lang/ClassNotFoundException'{0x000000008b18e5e8}: org/gradle/initialization/DefaultSettingsBeanInfo> (0x000000008b18e5e8) thrown at [./src/hotspot/share/classfile/systemDictionary.cpp, line 231]
Event: 2.635 Thread 0x0000022b817ce800 Exception <a 'java/lang/ClassNotFoundException'{0x000000008b1b55a0}: org/gradle/api/internal/project/AbstractPluginAwareBeanInfo> (0x000000008b1b55a0) thrown at [./src/hotspot/share/classfile/systemDictionary.cpp, line 231]
Event: 2.635 Thread 0x0000022b817ce800 Exception <a 'java/lang/ClassNotFoundException'{0x000000008b1dc1c0}: org/gradle/api/internal/project/AbstractPluginAwareCustomizer> (0x000000008b1dc1c0) thrown at [./src/hotspot/share/classfile/systemDictionary.cpp, line 231]
Event: 2.636 Thread 0x0000022b817ce800 Exception <a 'java/lang/ClassNotFoundException'{0x000000008b006738}: org/gradle/initialization/DefaultSettingsCustomizer> (0x000000008b006738) thrown at [./src/hotspot/share/classfile/systemDictionary.cpp, line 231]
Event: 2.638 Thread 0x0000022b817ce800 Exception <a 'java/lang/ClassNotFoundException'{0x000000008b059f70}: org/gradle/initialization/DefaultSettings_DecoratedCustomizer> (0x000000008b059f70) thrown at [./src/hotspot/share/classfile/systemDictionary.cpp, line 231]
Event: 2.656 Thread 0x0000022b817ce800 Implicit null exception at 0x0000022beecc14ec to 0x0000022beecc1594

Events (20 events):
Event: 2.823 loading class org/apache/commons/compress/archivers/ArchiveEntry
Event: 2.823 loading class org/apache/commons/compress/archivers/ArchiveEntry done
Event: 2.824 loading class java/lang/ThreadLocal$SuppliedThreadLocal
Event: 2.824 loading class java/lang/ThreadLocal$SuppliedThreadLocal done
Event: 2.824 loading class org/gradle/caching/internal/BuildCacheServices$FilePermissionsAccessAdapter
Event: 2.824 loading class org/gradle/caching/internal/BuildCacheServices$FilePermissionsAccessAdapter done
Event: 2.825 loading class net/rubygrapefruit/platform/internal/DefaultSystemInfo
Event: 2.825 loading class net/rubygrapefruit/platform/internal/DefaultSystemInfo done
Event: 2.825 loading class net/rubygrapefruit/platform/internal/MutableSystemInfo
Event: 2.825 loading class net/rubygrapefruit/platform/internal/MutableSystemInfo done
Event: 2.825 loading class org/gradle/internal/nativeintegration/services/NativeServices$FixedHostname
Event: 2.825 loading class org/gradle/internal/nativeintegration/services/NativeServices$FixedHostname done
Event: 2.826 loading class org/gradle/caching/internal/origin/OriginMetadataFactory$PropertiesConfigurator
Event: 2.826 loading class org/gradle/caching/internal/origin/OriginMetadataFactory$PropertiesConfigurator done
Event: 2.826 loading class org/gradle/caching/internal/origin/OriginMetadataFactory$PropertiesConfigurator
Event: 2.826 loading class org/gradle/caching/internal/origin/OriginMetadataFactory$PropertiesConfigurator done
Event: 2.826 loading class org/gradle/internal/nativeintegration/network/HostnameLookup
Event: 2.826 loading class org/gradle/internal/nativeintegration/network/HostnameLookup done
Event: 2.826 loading class org/gradle/caching/internal/origin/OriginMetadataFactory$HostnameLookup
Event: 2.826 loading class org/gradle/caching/internal/origin/OriginMetadataFactory$HostnameLookup done


Dynamic libraries:
0x00007ff7890b0000 - 0x00007ff7890ba000 	C:\Program Files\Android\Android Studio\jre\bin\java.exe
0x00007ff9536d0000 - 0x00007ff9538c8000 	C:\Windows\SYSTEM32\ntdll.dll
0x00007ff953570000 - 0x00007ff95362d000 	C:\Windows\System32\KERNEL32.DLL
0x00007ff950f50000 - 0x00007ff95121f000 	C:\Windows\System32\KERNELBASE.dll
0x00007ff9514a0000 - 0x00007ff9515a0000 	C:\Windows\System32\ucrtbase.dll
0x00007ff931d20000 - 0x00007ff931d39000 	C:\Program Files\Android\Android Studio\jre\bin\jli.dll
0x00007ff92c760000 - 0x00007ff92c777000 	C:\Program Files\Android\Android Studio\jre\bin\VCRUNTIME140.dll
0x00007ff9529f0000 - 0x00007ff952b90000 	C:\Windows\System32\USER32.dll
0x00007ff93f880000 - 0x00007ff93fb1a000 	C:\Windows\WinSxS\amd64_microsoft.windows.common-controls_6595b64144ccf1df_6.0.19041.1110_none_60b5254171f9507e\COMCTL32.dll
0x00007ff953050000 - 0x00007ff9530ee000 	C:\Windows\System32\msvcrt.dll
0x00007ff951220000 - 0x00007ff951242000 	C:\Windows\System32\win32u.dll
0x00007ff951c10000 - 0x00007ff951c3a000 	C:\Windows\System32\GDI32.dll
0x00007ff951250000 - 0x00007ff95135b000 	C:\Windows\System32\gdi32full.dll
0x00007ff951660000 - 0x00007ff9516fd000 	C:\Windows\System32\msvcp_win.dll
0x00007ff951b70000 - 0x00007ff951ba0000 	C:\Windows\System32\IMM32.DLL
0x00007ff91b8a0000 - 0x00007ff91b93d000 	C:\Program Files\Android\Android Studio\jre\bin\msvcp140.dll
0x00007ff8fea40000 - 0x00007ff8ff525000 	C:\Program Files\Android\Android Studio\jre\bin\server\jvm.dll
0x00007ff9517c0000 - 0x00007ff95186e000 	C:\Windows\System32\ADVAPI32.dll
0x00007ff952b90000 - 0x00007ff952c2c000 	C:\Windows\System32\sechost.dll
0x00007ff951a40000 - 0x00007ff951b65000 	C:\Windows\System32\RPCRT4.dll
0x00007ff953560000 - 0x00007ff953568000 	C:\Windows\System32\PSAPI.DLL
0x00007ff947be0000 - 0x00007ff947be9000 	C:\Windows\SYSTEM32\WSOCK32.dll
0x00007ff952620000 - 0x00007ff95268b000 	C:\Windows\System32\WS2_32.dll
0x00007ff9459c0000 - 0x00007ff9459e7000 	C:\Windows\SYSTEM32\WINMM.dll
0x00007ff945be0000 - 0x00007ff945bea000 	C:\Windows\SYSTEM32\VERSION.dll
0x00007ff94f670000 - 0x00007ff94f682000 	C:\Windows\SYSTEM32\kernel.appcore.dll
0x00007ff90cbb0000 - 0x00007ff90cbc1000 	C:\Program Files\Android\Android Studio\jre\bin\verify.dll
0x00007ff94e620000 - 0x00007ff94e804000 	C:\Windows\SYSTEM32\DBGHELP.DLL
0x00007ff93b7a0000 - 0x00007ff93b7cc000 	C:\Windows\SYSTEM32\dbgcore.DLL
0x00007ff951410000 - 0x00007ff951492000 	C:\Windows\System32\bcryptPrimitives.dll
0x00007ff90cb80000 - 0x00007ff90cba9000 	C:\Program Files\Android\Android Studio\jre\bin\java.dll
0x00007ff90cb70000 - 0x00007ff90cb7b000 	C:\Program Files\Android\Android Studio\jre\bin\jimage.dll
0x00007ff90cb50000 - 0x00007ff90cb68000 	C:\Program Files\Android\Android Studio\jre\bin\zip.dll
0x00007ff951c50000 - 0x00007ff952394000 	C:\Windows\System32\SHELL32.dll
0x00007ff94eed0000 - 0x00007ff94f664000 	C:\Windows\SYSTEM32\windows.storage.dll
0x00007ff952690000 - 0x00007ff9529e4000 	C:\Windows\System32\combase.dll
0x00007ff950850000 - 0x00007ff950880000 	C:\Windows\SYSTEM32\Wldp.dll
0x00007ff951870000 - 0x00007ff95191d000 	C:\Windows\System32\SHCORE.dll
0x00007ff951bb0000 - 0x00007ff951c05000 	C:\Windows\System32\shlwapi.dll
0x00007ff950d30000 - 0x00007ff950d4f000 	C:\Windows\SYSTEM32\profapi.dll
0x00007ff90cb30000 - 0x00007ff90cb4a000 	C:\Program Files\Android\Android Studio\jre\bin\net.dll
0x00007ff94b010000 - 0x00007ff94b11a000 	C:\Windows\SYSTEM32\WINHTTP.dll
0x00007ff9505b0000 - 0x00007ff95061a000 	C:\Windows\system32\mswsock.dll
0x00007ff90cb10000 - 0x00007ff90cb24000 	C:\Program Files\Android\Android Studio\jre\bin\nio.dll
0x00007ff93c6f0000 - 0x00007ff93c717000 	C:\Users\choi\.gradle\native\e1d6ef7f7dcc3fd88c89a11ec53ec762bb8ba0a96d01ffa2cd45eb1d1d8dd5c5\windows-amd64\native-platform.dll
0x00007ff9181f0000 - 0x00007ff918334000 	C:\Users\choi\.gradle\native\5664cfc778a61ccfe75a443a1ab52a65af34e5dc3c78e0209fed803814484fcb\windows-amd64\native-platform-file-events.dll
0x00007ff90c9a0000 - 0x00007ff90c9aa000 	C:\Program Files\Android\Android Studio\jre\bin\management.dll
0x00007ff90c990000 - 0x00007ff90c99d000 	C:\Program Files\Android\Android Studio\jre\bin\management_ext.dll
0x00007ff9507b0000 - 0x00007ff9507c8000 	C:\Windows\SYSTEM32\CRYPTSP.dll
0x00007ff94fec0000 - 0x00007ff94fef4000 	C:\Windows\system32\rsaenh.dll
0x00007ff951700000 - 0x00007ff951727000 	C:\Windows\System32\bcrypt.dll
0x00007ff950cb0000 - 0x00007ff950cde000 	C:\Windows\SYSTEM32\USERENV.dll
0x00007ff9507a0000 - 0x00007ff9507ac000 	C:\Windows\SYSTEM32\CRYPTBASE.dll
0x00007ff950250000 - 0x00007ff95028b000 	C:\Windows\SYSTEM32\IPHLPAPI.DLL
0x00007ff951c40000 - 0x00007ff951c48000 	C:\Windows\System32\NSI.dll
0x00007ff947860000 - 0x00007ff947877000 	C:\Windows\SYSTEM32\dhcpcsvc6.DLL
0x00007ff948320000 - 0x00007ff94833d000 	C:\Windows\SYSTEM32\dhcpcsvc.DLL
0x00007ff950290000 - 0x00007ff95035a000 	C:\Windows\SYSTEM32\DNSAPI.dll

dbghelp: loaded successfully - version: 4.0.5 - missing functions: none
symbol engine: initialized successfully - sym options: 0x614 - pdb path: .;C:\Program Files\Android\Android Studio\jre\bin;C:\Windows\SYSTEM32;C:\Windows\WinSxS\amd64_microsoft.windows.common-controls_6595b64144ccf1df_6.0.19041.1110_none_60b5254171f9507e;C:\Program Files\Android\Android Studio\jre\bin\server;C:\Users\choi\.gradle\native\e1d6ef7f7dcc3fd88c89a11ec53ec762bb8ba0a96d01ffa2cd45eb1d1d8dd5c5\windows-amd64;C:\Users\choi\.gradle\native\5664cfc778a61ccfe75a443a1ab52a65af34e5dc3c78e0209fed803814484fcb\windows-amd64

VM Arguments:
jvm_args: --add-opens=java.base/java.util=ALL-UNNAMED --add-opens=java.base/java.lang=ALL-UNNAMED --add-opens=java.base/java.lang.invoke=ALL-UNNAMED --add-opens=java.base/java.util=ALL-UNNAMED --add-opens=java.prefs/java.util.prefs=ALL-UNNAMED --add-opens=java.prefs/java.util.prefs=ALL-UNNAMED --add-opens=java.base/java.nio.charset=ALL-UNNAMED --add-opens=java.base/java.net=ALL-UNNAMED --add-opens=java.base/java.util.concurrent.atomic=ALL-UNNAMED -Xmx2048m -Dfile.encoding=x-windows-949 -Duser.country=KR -Duser.language=ko -Duser.variant 
java_command: org.gradle.launcher.daemon.bootstrap.GradleDaemon 7.3.3
java_class_path (initial): C:\Users\choi\.gradle\wrapper\dists\gradle-7.3.3-bin\6a41zxkdtcxs8rphpq6y0069z\gradle-7.3.3\lib\gradle-launcher-7.3.3.jar
Launcher Type: SUN_STANDARD

[Global flags]
     intx CICompilerCount                          = 12                                        {product} {ergonomic}
     uint ConcGCThreads                            = 3                                         {product} {ergonomic}
     uint G1ConcRefinementThreads                  = 13                                        {product} {ergonomic}
   size_t G1HeapRegionSize                         = 1048576                                   {product} {ergonomic}
    uintx GCDrainStackTargetSize                   = 64                                        {product} {ergonomic}
   size_t InitialHeapSize                          = 230686720                                 {product} {ergonomic}
   size_t MarkStackSize                            = 4194304                                   {product} {ergonomic}
   size_t MaxHeapSize                              = 2147483648                                {product} {command line}
   size_t MaxNewSize                               = 1287651328                                {product} {ergonomic}
   size_t MinHeapDeltaBytes                        = 1048576                                   {product} {ergonomic}
    uintx NonNMethodCodeHeapSize                   = 7594288                                {pd product} {ergonomic}
    uintx NonProfiledCodeHeapSize                  = 122031976                              {pd product} {ergonomic}
    uintx ProfiledCodeHeapSize                     = 122031976                              {pd product} {ergonomic}
    uintx ReservedCodeCacheSize                    = 251658240                              {pd product} {ergonomic}
     bool SegmentedCodeCache                       = true                                      {product} {ergonomic}
     bool UseCompressedClassPointers               = true                                 {lp64_product} {ergonomic}
     bool UseCompressedOops                        = true                                 {lp64_product} {ergonomic}
     bool UseG1GC                                  = true                                      {product} {ergonomic}
     bool UseLargePagesIndividualAllocation        = false                                  {pd product} {ergonomic}

Logging:
Log output configuration:
 #0: stdout all=warning uptime,level,tags
 #1: stderr all=off uptime,level,tags

Environment Variables:
PATH=C:\Windows\system32;C:\Windows;C:\Windows\System32\Wbem;C:\Windows\System32\WindowsPowerShell\v1.0\;C:\Windows\System32\OpenSSH\;C:\Program Files\Bandizip\;C:\Program Files\Git\cmd;C:\Users\choi\AppData\Local\Microsoft\WindowsApps;
USERNAME=choi
OS=Windows_NT
PROCESSOR_IDENTIFIER=AMD64 Family 25 Model 68 Stepping 1, AuthenticAMD



---------------  S Y S T E M  ---------------

OS: Windows 10 , 64 bit Build 19041 (10.0.19041.1865)
OS uptime: 0 days 0:05 hours

CPU:total 16 (initial active 16) (16 cores per cpu, 2 threads per core) family 25 model 68 stepping 1 microcode 0x0, cmov, cx8, fxsr, mmx, sse, sse2, sse3, ssse3, sse4.1, sse4.2, popcnt, avx, avx2, aes, clmul, mmxext, 3dnowpref, lzcnt, sse4a, ht, tsc, tscinvbit, tscinv, bmi1, bmi2, adx, sha, fma

Memory: 4k page, system-wide physical 14020M (4537M free)
TotalPageFile size 14020M (AvailPageFile size 4M)
current process WorkingSet (physical memory assigned to process): 307M, peak: 311M
current process commit charge ("private bytes"): 444M, peak: 449M

vm_info: OpenJDK 64-Bit Server VM (11.0.12+7-b1504.28-7817840) for windows-amd64 JRE (11.0.12+7-b1504.28-7817840), built on Oct 13 2021 22:12:33 by "builder" with MS VC++ 14.0 (VS2015)

END.
